This is pdfTeX, Version 3.141592653-2.6-1.40.25 (MiKTeX 24.1) (preloaded format=pdflatex 2024.1.31)  17 JUN 2024 21:46
entering extended mode
 restricted \write18 enabled.
 %&-line parsing enabled.
**./MV.tex
(MV.tex
LaTeX2e <2023-11-01> patch level 1
L3 programming layer <2024-01-22>
(C:\Users\helpdesk\AppData\Local\Programs\MiKTeX\tex/latex/base\article.cls
Document Class: article 2023/05/17 v1.4n Standard LaTeX document class
(C:\Users\helpdesk\AppData\Local\Programs\MiKTeX\tex/latex/base\size11.clo
File: size11.clo 2023/05/17 v1.4n Standard LaTeX file (size option)
)
\c@part=\count187
\c@section=\count188
\c@subsection=\count189
\c@subsubsection=\count190
\c@paragraph=\count191
\c@subparagraph=\count192
\c@figure=\count193
\c@table=\count194
\abovecaptionskip=\skip48
\belowcaptionskip=\skip49
\bibindent=\dimen140
)
(C:\Users\helpdesk\AppData\Local\Programs\MiKTeX\tex/latex/geometry\geometry.st
y
Package: geometry 2020/01/02 v5.9 Page Geometry

(C:\Users\helpdesk\AppData\Local\Programs\MiKTeX\tex/latex/graphics\keyval.sty
Package: keyval 2022/05/29 v1.15 key=value parser (DPC)
\KV@toks@=\toks17
) (C:\Users\helpdesk\AppData\Local\Programs\MiKTeX\tex/generic/iftex\ifvtex.sty
Package: ifvtex 2019/10/25 v1.7 ifvtex legacy package. Use iftex instead.

(C:\Users\helpdesk\AppData\Local\Programs\MiKTeX\tex/generic/iftex\iftex.sty
Package: iftex 2022/02/03 v1.0f TeX engine tests
))
\Gm@cnth=\count195
\Gm@cntv=\count196
\c@Gm@tempcnt=\count197
\Gm@bindingoffset=\dimen141
\Gm@wd@mp=\dimen142
\Gm@odd@mp=\dimen143
\Gm@even@mp=\dimen144
\Gm@layoutwidth=\dimen145
\Gm@layoutheight=\dimen146
\Gm@layouthoffset=\dimen147
\Gm@layoutvoffset=\dimen148
\Gm@dimlist=\toks18

(C:\Users\helpdesk\AppData\Local\Programs\MiKTeX\tex/latex/geometry\geometry.cf
g))
(C:\Users\helpdesk\AppData\Local\Programs\MiKTeX\tex/latex/mathtools\mathtools.
sty
Package: mathtools 2022/06/29 v1.29 mathematical typesetting tools
 (C:\Users\helpdesk\AppData\Local\Programs\MiKTeX\tex/latex/tools\calc.sty
Package: calc 2023/07/08 v4.3 Infix arithmetic (KKT,FJ)
\calc@Acount=\count198
\calc@Bcount=\count199
\calc@Adimen=\dimen149
\calc@Bdimen=\dimen150
\calc@Askip=\skip50
\calc@Bskip=\skip51
LaTeX Info: Redefining \setlength on input line 80.
LaTeX Info: Redefining \addtolength on input line 81.
\calc@Ccount=\count266
\calc@Cskip=\skip52
)
(C:\Users\helpdesk\AppData\Local\Programs\MiKTeX\tex/latex/mathtools\mhsetup.st
y
Package: mhsetup 2021/03/18 v1.4 programming setup (MH)
)
(C:\Users\helpdesk\AppData\Local\Programs\MiKTeX\tex/latex/amsmath\amsmath.sty
Package: amsmath 2023/05/13 v2.17o AMS math features
\@mathmargin=\skip53

For additional information on amsmath, use the `?' option.
(C:\Users\helpdesk\AppData\Local\Programs\MiKTeX\tex/latex/amsmath\amstext.sty
Package: amstext 2021/08/26 v2.01 AMS text

(C:\Users\helpdesk\AppData\Local\Programs\MiKTeX\tex/latex/amsmath\amsgen.sty
File: amsgen.sty 1999/11/30 v2.0 generic functions
\@emptytoks=\toks19
\ex@=\dimen151
)) (C:\Users\helpdesk\AppData\Local\Programs\MiKTeX\tex/latex/amsmath\amsbsy.st
y
Package: amsbsy 1999/11/29 v1.2d Bold Symbols
\pmbraise@=\dimen152
) (C:\Users\helpdesk\AppData\Local\Programs\MiKTeX\tex/latex/amsmath\amsopn.sty
Package: amsopn 2022/04/08 v2.04 operator names
)
\inf@bad=\count267
LaTeX Info: Redefining \frac on input line 234.
\uproot@=\count268
\leftroot@=\count269
LaTeX Info: Redefining \overline on input line 399.
LaTeX Info: Redefining \colon on input line 410.
\classnum@=\count270
\DOTSCASE@=\count271
LaTeX Info: Redefining \ldots on input line 496.
LaTeX Info: Redefining \dots on input line 499.
LaTeX Info: Redefining \cdots on input line 620.
\Mathstrutbox@=\box51
\strutbox@=\box52
LaTeX Info: Redefining \big on input line 722.
LaTeX Info: Redefining \Big on input line 723.
LaTeX Info: Redefining \bigg on input line 724.
LaTeX Info: Redefining \Bigg on input line 725.
\big@size=\dimen153
LaTeX Font Info:    Redeclaring font encoding OML on input line 743.
LaTeX Font Info:    Redeclaring font encoding OMS on input line 744.
\macc@depth=\count272
LaTeX Info: Redefining \bmod on input line 905.
LaTeX Info: Redefining \pmod on input line 910.
LaTeX Info: Redefining \smash on input line 940.
LaTeX Info: Redefining \relbar on input line 970.
LaTeX Info: Redefining \Relbar on input line 971.
\c@MaxMatrixCols=\count273
\dotsspace@=\muskip16
\c@parentequation=\count274
\dspbrk@lvl=\count275
\tag@help=\toks20
\row@=\count276
\column@=\count277
\maxfields@=\count278
\andhelp@=\toks21
\eqnshift@=\dimen154
\alignsep@=\dimen155
\tagshift@=\dimen156
\tagwidth@=\dimen157
\totwidth@=\dimen158
\lineht@=\dimen159
\@envbody=\toks22
\multlinegap=\skip54
\multlinetaggap=\skip55
\mathdisplay@stack=\toks23
LaTeX Info: Redefining \[ on input line 2953.
LaTeX Info: Redefining \] on input line 2954.
)
\g_MT_multlinerow_int=\count279
\l_MT_multwidth_dim=\dimen160
\origjot=\skip56
\l_MT_shortvdotswithinadjustabove_dim=\dimen161
\l_MT_shortvdotswithinadjustbelow_dim=\dimen162
\l_MT_above_intertext_sep=\dimen163
\l_MT_below_intertext_sep=\dimen164
\l_MT_above_shortintertext_sep=\dimen165
\l_MT_below_shortintertext_sep=\dimen166
\xmathstrut@box=\box53
\xmathstrut@dim=\dimen167
) (C:\Users\helpdesk\AppData\Local\Programs\MiKTeX\tex/latex/amscls\amsthm.sty
Package: amsthm 2020/05/29 v2.20.6
\thm@style=\toks24
\thm@bodyfont=\toks25
\thm@headfont=\toks26
\thm@notefont=\toks27
\thm@headpunct=\toks28
\thm@preskip=\skip57
\thm@postskip=\skip58
\thm@headsep=\skip59
\dth@everypar=\toks29
)
(C:\Users\helpdesk\AppData\Local\Programs\MiKTeX\tex/latex/amsfonts\amssymb.sty
Package: amssymb 2013/01/14 v3.01 AMS font symbols

(C:\Users\helpdesk\AppData\Local\Programs\MiKTeX\tex/latex/amsfonts\amsfonts.st
y
Package: amsfonts 2013/01/14 v3.01 Basic AMSFonts support
\symAMSa=\mathgroup4
\symAMSb=\mathgroup5
LaTeX Font Info:    Redeclaring math symbol \hbar on input line 98.
LaTeX Font Info:    Overwriting math alphabet `\mathfrak' in version `bold'
(Font)                  U/euf/m/n --> U/euf/b/n on input line 106.
))
(C:\Users\helpdesk\AppData\Local\Programs\MiKTeX\tex/latex/tools\multicol.sty
Package: multicol 2023/03/30 v1.9f multicolumn formatting (FMi)
\c@tracingmulticols=\count280
\mult@box=\box54
\multicol@leftmargin=\dimen168
\c@unbalance=\count281
\c@collectmore=\count282
\doublecol@number=\count283
\multicoltolerance=\count284
\multicolpretolerance=\count285
\full@width=\dimen169
\page@free=\dimen170
\premulticols=\dimen171
\postmulticols=\dimen172
\multicolsep=\skip60
\multicolbaselineskip=\skip61
\partial@page=\box55
\last@line=\box56
\mc@boxedresult=\box57
\maxbalancingoverflow=\dimen173
\mult@rightbox=\box58
\mult@grightbox=\box59
\mult@firstbox=\box60
\mult@gfirstbox=\box61
\@tempa=\box62
\@tempa=\box63
\@tempa=\box64
\@tempa=\box65
\@tempa=\box66
\@tempa=\box67
\@tempa=\box68
\@tempa=\box69
\@tempa=\box70
\@tempa=\box71
\@tempa=\box72
\@tempa=\box73
\@tempa=\box74
\@tempa=\box75
\@tempa=\box76
\@tempa=\box77
\@tempa=\box78
\@tempa=\box79
\@tempa=\box80
\@tempa=\box81
\@tempa=\box82
\@tempa=\box83
\@tempa=\box84
\@tempa=\box85
\@tempa=\box86
\@tempa=\box87
\@tempa=\box88
\@tempa=\box89
\@tempa=\box90
\@tempa=\box91
\@tempa=\box92
\@tempa=\box93
\@tempa=\box94
\@tempa=\box95
\@tempa=\box96
\@tempa=\box97
\c@minrows=\count286
\c@columnbadness=\count287
\c@finalcolumnbadness=\count288
\last@try=\dimen174
\multicolovershoot=\dimen175
\multicolundershoot=\dimen176
\mult@nat@firstbox=\box98
\colbreak@box=\box99
\mc@col@check@num=\count289
)
(C:\Users\helpdesk\AppData\Local\Programs\MiKTeX\tex/latex/hyperref\hyperref.st
y
Package: hyperref 2024-01-20 v7.01h Hypertext links for LaTeX

(C:\Users\helpdesk\AppData\Local\Programs\MiKTeX\tex/latex/kvsetkeys\kvsetkeys.
sty
Package: kvsetkeys 2022-10-05 v1.19 Key value parser (HO)
)
(C:\Users\helpdesk\AppData\Local\Programs\MiKTeX\tex/generic/kvdefinekeys\kvdef
inekeys.sty
Package: kvdefinekeys 2019-12-19 v1.6 Define keys (HO)
)
(C:\Users\helpdesk\AppData\Local\Programs\MiKTeX\tex/generic/pdfescape\pdfescap
e.sty
Package: pdfescape 2019/12/09 v1.15 Implements pdfTeX's escape features (HO)

(C:\Users\helpdesk\AppData\Local\Programs\MiKTeX\tex/generic/ltxcmds\ltxcmds.st
y
Package: ltxcmds 2023-12-04 v1.26 LaTeX kernel commands for general use (HO)
)
(C:\Users\helpdesk\AppData\Local\Programs\MiKTeX\tex/generic/pdftexcmds\pdftexc
mds.sty
Package: pdftexcmds 2020-06-27 v0.33 Utility functions of pdfTeX for LuaTeX (HO
)

(C:\Users\helpdesk\AppData\Local\Programs\MiKTeX\tex/generic/infwarerr\infwarer
r.sty
Package: infwarerr 2019/12/03 v1.5 Providing info/warning/error messages (HO)
)
Package pdftexcmds Info: \pdf@primitive is available.
Package pdftexcmds Info: \pdf@ifprimitive is available.
Package pdftexcmds Info: \pdfdraftmode found.
))
(C:\Users\helpdesk\AppData\Local\Programs\MiKTeX\tex/latex/hycolor\hycolor.sty
Package: hycolor 2020-01-27 v1.10 Color options for hyperref/bookmark (HO)
) (C:\Users\helpdesk\AppData\Local\Programs\MiKTeX\tex/latex/auxhook\auxhook.st
y
Package: auxhook 2019-12-17 v1.6 Hooks for auxiliary files (HO)
)
(C:\Users\helpdesk\AppData\Local\Programs\MiKTeX\tex/latex/hyperref\nameref.sty
Package: nameref 2023-11-26 v2.56 Cross-referencing by name of section

(C:\Users\helpdesk\AppData\Local\Programs\MiKTeX\tex/latex/refcount\refcount.st
y
Package: refcount 2019/12/15 v3.6 Data extraction from label references (HO)
)
(C:\Users\helpdesk\AppData\Local\Programs\MiKTeX\tex/generic/gettitlestring\get
titlestring.sty
Package: gettitlestring 2019/12/15 v1.6 Cleanup title references (HO)

(C:\Users\helpdesk\AppData\Local\Programs\MiKTeX\tex/latex/kvoptions\kvoptions.
sty
Package: kvoptions 2022-06-15 v3.15 Key value format for package options (HO)
))
\c@section@level=\count290
)
(C:\Users\helpdesk\AppData\Local\Programs\MiKTeX\tex/latex/etoolbox\etoolbox.st
y
Package: etoolbox 2020/10/05 v2.5k e-TeX tools for LaTeX (JAW)
\etb@tempcnta=\count291
)
\@linkdim=\dimen177
\Hy@linkcounter=\count292
\Hy@pagecounter=\count293

(C:\Users\helpdesk\AppData\Local\Programs\MiKTeX\tex/latex/hyperref\pd1enc.def
File: pd1enc.def 2024-01-20 v7.01h Hyperref: PDFDocEncoding definition (HO)
Now handling font encoding PD1 ...
... no UTF-8 mapping file for font encoding PD1
)
(C:\Users\helpdesk\AppData\Local\Programs\MiKTeX\tex/generic/intcalc\intcalc.st
y
Package: intcalc 2019/12/15 v1.3 Expandable calculations with integers (HO)
)
\Hy@SavedSpaceFactor=\count294

(C:\Users\helpdesk\AppData\Local\Programs\MiKTeX\tex/latex/hyperref\puenc.def
File: puenc.def 2024-01-20 v7.01h Hyperref: PDF Unicode definition (HO)
Now handling font encoding PU ...
... no UTF-8 mapping file for font encoding PU
)
Package hyperref Info: Hyper figures OFF on input line 4179.
Package hyperref Info: Link nesting OFF on input line 4184.
Package hyperref Info: Hyper index ON on input line 4187.
Package hyperref Info: Plain pages OFF on input line 4194.
Package hyperref Info: Backreferencing OFF on input line 4199.
Package hyperref Info: Implicit mode ON; LaTeX internals redefined.
Package hyperref Info: Bookmarks ON on input line 4446.
\c@Hy@tempcnt=\count295

(C:\Users\helpdesk\AppData\Local\Programs\MiKTeX\tex/latex/url\url.sty
\Urlmuskip=\muskip17
Package: url 2013/09/16  ver 3.4  Verb mode for urls, etc.
)
LaTeX Info: Redefining \url on input line 4784.
\XeTeXLinkMargin=\dimen178

(C:\Users\helpdesk\AppData\Local\Programs\MiKTeX\tex/generic/bitset\bitset.sty
Package: bitset 2019/12/09 v1.3 Handle bit-vector datatype (HO)

(C:\Users\helpdesk\AppData\Local\Programs\MiKTeX\tex/generic/bigintcalc\bigintc
alc.sty
Package: bigintcalc 2019/12/15 v1.5 Expandable calculations on big integers (HO
)
))
\Fld@menulength=\count296
\Field@Width=\dimen179
\Fld@charsize=\dimen180
Package hyperref Info: Hyper figures OFF on input line 6063.
Package hyperref Info: Link nesting OFF on input line 6068.
Package hyperref Info: Hyper index ON on input line 6071.
Package hyperref Info: backreferencing OFF on input line 6078.
Package hyperref Info: Link coloring OFF on input line 6083.
Package hyperref Info: Link coloring with OCG OFF on input line 6088.
Package hyperref Info: PDF/A mode OFF on input line 6093.

(C:\Users\helpdesk\AppData\Local\Programs\MiKTeX\tex/latex/base\atbegshi-ltx.st
y
Package: atbegshi-ltx 2021/01/10 v1.0c Emulation of the original atbegshi
package with kernel methods
)
\Hy@abspage=\count297
\c@Item=\count298
\c@Hfootnote=\count299
)
Package hyperref Info: Driver (autodetected): hpdftex.

(C:\Users\helpdesk\AppData\Local\Programs\MiKTeX\tex/latex/hyperref\hpdftex.def
File: hpdftex.def 2024-01-20 v7.01h Hyperref driver for pdfTeX

(C:\Users\helpdesk\AppData\Local\Programs\MiKTeX\tex/latex/base\atveryend-ltx.s
ty
Package: atveryend-ltx 2020/08/19 v1.0a Emulation of the original atveryend pac
kage
with kernel methods
)
\Fld@listcount=\count300
\c@bookmark@seq@number=\count301

(C:\Users\helpdesk\AppData\Local\Programs\MiKTeX\tex/latex/rerunfilecheck\rerun
filecheck.sty
Package: rerunfilecheck 2022-07-10 v1.10 Rerun checks for auxiliary files (HO)

(C:\Users\helpdesk\AppData\Local\Programs\MiKTeX\tex/generic/uniquecounter\uniq
uecounter.sty
Package: uniquecounter 2019/12/15 v1.4 Provide unlimited unique counter (HO)
)
Package uniquecounter Info: New unique counter `rerunfilecheck' on input line 2
85.
)
\Hy@SectionHShift=\skip62
)
(C:\Users\helpdesk\AppData\Local\Programs\MiKTeX\tex/latex/caption\subcaption.s
ty
Package: subcaption 2023/07/28 v1.6b Sub-captions (AR)

(C:\Users\helpdesk\AppData\Local\Programs\MiKTeX\tex/latex/caption\caption.sty
Package: caption 2023/08/05 v3.6o Customizing captions (AR)

(C:\Users\helpdesk\AppData\Local\Programs\MiKTeX\tex/latex/caption\caption3.sty
Package: caption3 2023/07/31 v2.4d caption3 kernel (AR)
\caption@tempdima=\dimen181
\captionmargin=\dimen182
\caption@leftmargin=\dimen183
\caption@rightmargin=\dimen184
\caption@width=\dimen185
\caption@indent=\dimen186
\caption@parindent=\dimen187
\caption@hangindent=\dimen188
Package caption Info: Standard document class detected.
)
\c@caption@flags=\count302
\c@continuedfloat=\count303
Package caption Info: hyperref package is loaded.
)
Package caption Info: New subtype `subfigure' on input line 238.
\c@subfigure=\count304
Package caption Info: New subtype `subtable' on input line 238.
\c@subtable=\count305
)
(C:\Users\helpdesk\AppData\Local\Programs\MiKTeX\tex/latex/tools\longtable.sty
Package: longtable 2023-11-01 v4.19 Multi-page Table package (DPC)
\LTleft=\skip63
\LTright=\skip64
\LTpre=\skip65
\LTpost=\skip66
\LTchunksize=\count306
\LTcapwidth=\dimen189
\LT@head=\box100
\LT@firsthead=\box101
\LT@foot=\box102
\LT@lastfoot=\box103
\LT@gbox=\box104
\LT@cols=\count307
\LT@rows=\count308
\c@LT@tables=\count309
\c@LT@chunks=\count310
\LT@p@ftn=\toks30
)
(C:\Users\helpdesk\AppData\Local\Programs\MiKTeX\tex/latex/graphics\graphicx.st
y
Package: graphicx 2021/09/16 v1.2d Enhanced LaTeX Graphics (DPC,SPQR)

(C:\Users\helpdesk\AppData\Local\Programs\MiKTeX\tex/latex/graphics\graphics.st
y
Package: graphics 2022/03/10 v1.4e Standard LaTeX Graphics (DPC,SPQR)
 (C:\Users\helpdesk\AppData\Local\Programs\MiKTeX\tex/latex/graphics\trig.sty
Package: trig 2021/08/11 v1.11 sin cos tan (DPC)
)
(C:\Users\helpdesk\AppData\Local\Programs\MiKTeX\tex/latex/graphics-cfg\graphic
s.cfg
File: graphics.cfg 2016/06/04 v1.11 sample graphics configuration
)
Package graphics Info: Driver file: pdftex.def on input line 107.

(C:\Users\helpdesk\AppData\Local\Programs\MiKTeX\tex/latex/graphics-def\pdftex.
def
File: pdftex.def 2022/09/22 v1.2b Graphics/color driver for pdftex
))
\Gin@req@height=\dimen190
\Gin@req@width=\dimen191
)
(C:\Users\helpdesk\AppData\Local\Programs\MiKTeX\tex/latex/pgf/frontendlayer\ti
kz.sty
(C:\Users\helpdesk\AppData\Local\Programs\MiKTeX\tex/latex/pgf/basiclayer\pgf.s
ty
(C:\Users\helpdesk\AppData\Local\Programs\MiKTeX\tex/latex/pgf/utilities\pgfrcs
.sty
(C:\Users\helpdesk\AppData\Local\Programs\MiKTeX\tex/generic/pgf/utilities\pgfu
til-common.tex
\pgfutil@everybye=\toks31
\pgfutil@tempdima=\dimen192
\pgfutil@tempdimb=\dimen193
)
(C:\Users\helpdesk\AppData\Local\Programs\MiKTeX\tex/generic/pgf/utilities\pgfu
til-latex.def
\pgfutil@abb=\box105
)
(C:\Users\helpdesk\AppData\Local\Programs\MiKTeX\tex/generic/pgf/utilities\pgfr
cs.code.tex
(C:\Users\helpdesk\AppData\Local\Programs\MiKTeX\tex/generic/pgf\pgf.revision.t
ex)
Package: pgfrcs 2023-01-15 v3.1.10 (3.1.10)
))
Package: pgf 2023-01-15 v3.1.10 (3.1.10)

(C:\Users\helpdesk\AppData\Local\Programs\MiKTeX\tex/latex/pgf/basiclayer\pgfco
re.sty
(C:\Users\helpdesk\AppData\Local\Programs\MiKTeX\tex/latex/pgf/systemlayer\pgfs
ys.sty
(C:\Users\helpdesk\AppData\Local\Programs\MiKTeX\tex/generic/pgf/systemlayer\pg
fsys.code.tex
Package: pgfsys 2023-01-15 v3.1.10 (3.1.10)

(C:\Users\helpdesk\AppData\Local\Programs\MiKTeX\tex/generic/pgf/utilities\pgfk
eys.code.tex
\pgfkeys@pathtoks=\toks32
\pgfkeys@temptoks=\toks33

(C:\Users\helpdesk\AppData\Local\Programs\MiKTeX\tex/generic/pgf/utilities\pgfk
eyslibraryfiltered.code.tex
\pgfkeys@tmptoks=\toks34
))
\pgf@x=\dimen194
\pgf@y=\dimen195
\pgf@xa=\dimen196
\pgf@ya=\dimen197
\pgf@xb=\dimen198
\pgf@yb=\dimen199
\pgf@xc=\dimen256
\pgf@yc=\dimen257
\pgf@xd=\dimen258
\pgf@yd=\dimen259
\w@pgf@writea=\write3
\r@pgf@reada=\read2
\c@pgf@counta=\count311
\c@pgf@countb=\count312
\c@pgf@countc=\count313
\c@pgf@countd=\count314
\t@pgf@toka=\toks35
\t@pgf@tokb=\toks36
\t@pgf@tokc=\toks37
\pgf@sys@id@count=\count315

(C:\Users\helpdesk\AppData\Local\Programs\MiKTeX\tex/generic/pgf/systemlayer\pg
f.cfg
File: pgf.cfg 2023-01-15 v3.1.10 (3.1.10)
)
Driver file for pgf: pgfsys-pdftex.def

(C:\Users\helpdesk\AppData\Local\Programs\MiKTeX\tex/generic/pgf/systemlayer\pg
fsys-pdftex.def
File: pgfsys-pdftex.def 2023-01-15 v3.1.10 (3.1.10)

(C:\Users\helpdesk\AppData\Local\Programs\MiKTeX\tex/generic/pgf/systemlayer\pg
fsys-common-pdf.def
File: pgfsys-common-pdf.def 2023-01-15 v3.1.10 (3.1.10)
)))
(C:\Users\helpdesk\AppData\Local\Programs\MiKTeX\tex/generic/pgf/systemlayer\pg
fsyssoftpath.code.tex
File: pgfsyssoftpath.code.tex 2023-01-15 v3.1.10 (3.1.10)
\pgfsyssoftpath@smallbuffer@items=\count316
\pgfsyssoftpath@bigbuffer@items=\count317
)
(C:\Users\helpdesk\AppData\Local\Programs\MiKTeX\tex/generic/pgf/systemlayer\pg
fsysprotocol.code.tex
File: pgfsysprotocol.code.tex 2023-01-15 v3.1.10 (3.1.10)
))
(C:\Users\helpdesk\AppData\Local\Programs\MiKTeX\tex/latex/xcolor\xcolor.sty
Package: xcolor 2023/11/15 v3.01 LaTeX color extensions (UK)

(C:\Users\helpdesk\AppData\Local\Programs\MiKTeX\tex/latex/graphics-cfg\color.c
fg
File: color.cfg 2016/01/02 v1.6 sample color configuration
)
Package xcolor Info: Driver file: pdftex.def on input line 274.

(C:\Users\helpdesk\AppData\Local\Programs\MiKTeX\tex/latex/graphics\mathcolor.l
tx)
Package xcolor Info: Model `cmy' substituted by `cmy0' on input line 1350.
Package xcolor Info: Model `hsb' substituted by `rgb' on input line 1354.
Package xcolor Info: Model `RGB' extended on input line 1366.
Package xcolor Info: Model `HTML' substituted by `rgb' on input line 1368.
Package xcolor Info: Model `Hsb' substituted by `hsb' on input line 1369.
Package xcolor Info: Model `tHsb' substituted by `hsb' on input line 1370.
Package xcolor Info: Model `HSB' substituted by `hsb' on input line 1371.
Package xcolor Info: Model `Gray' substituted by `gray' on input line 1372.
Package xcolor Info: Model `wave' substituted by `hsb' on input line 1373.
)
(C:\Users\helpdesk\AppData\Local\Programs\MiKTeX\tex/generic/pgf/basiclayer\pgf
core.code.tex
Package: pgfcore 2023-01-15 v3.1.10 (3.1.10)

(C:\Users\helpdesk\AppData\Local\Programs\MiKTeX\tex/generic/pgf/math\pgfmath.c
ode.tex
(C:\Users\helpdesk\AppData\Local\Programs\MiKTeX\tex/generic/pgf/math\pgfmathut
il.code.tex)
(C:\Users\helpdesk\AppData\Local\Programs\MiKTeX\tex/generic/pgf/math\pgfmathpa
rser.code.tex
\pgfmath@dimen=\dimen260
\pgfmath@count=\count318
\pgfmath@box=\box106
\pgfmath@toks=\toks38
\pgfmath@stack@operand=\toks39
\pgfmath@stack@operation=\toks40
)
(C:\Users\helpdesk\AppData\Local\Programs\MiKTeX\tex/generic/pgf/math\pgfmathfu
nctions.code.tex)
(C:\Users\helpdesk\AppData\Local\Programs\MiKTeX\tex/generic/pgf/math\pgfmathfu
nctions.basic.code.tex)
(C:\Users\helpdesk\AppData\Local\Programs\MiKTeX\tex/generic/pgf/math\pgfmathfu
nctions.trigonometric.code.tex)
(C:\Users\helpdesk\AppData\Local\Programs\MiKTeX\tex/generic/pgf/math\pgfmathfu
nctions.random.code.tex)
(C:\Users\helpdesk\AppData\Local\Programs\MiKTeX\tex/generic/pgf/math\pgfmathfu
nctions.comparison.code.tex)
(C:\Users\helpdesk\AppData\Local\Programs\MiKTeX\tex/generic/pgf/math\pgfmathfu
nctions.base.code.tex)
(C:\Users\helpdesk\AppData\Local\Programs\MiKTeX\tex/generic/pgf/math\pgfmathfu
nctions.round.code.tex)
(C:\Users\helpdesk\AppData\Local\Programs\MiKTeX\tex/generic/pgf/math\pgfmathfu
nctions.misc.code.tex)
(C:\Users\helpdesk\AppData\Local\Programs\MiKTeX\tex/generic/pgf/math\pgfmathfu
nctions.integerarithmetics.code.tex)
(C:\Users\helpdesk\AppData\Local\Programs\MiKTeX\tex/generic/pgf/math\pgfmathca
lc.code.tex)
(C:\Users\helpdesk\AppData\Local\Programs\MiKTeX\tex/generic/pgf/math\pgfmathfl
oat.code.tex
\c@pgfmathroundto@lastzeros=\count319
))
(C:\Users\helpdesk\AppData\Local\Programs\MiKTeX\tex/generic/pgf/math\pgfint.co
de.tex)
(C:\Users\helpdesk\AppData\Local\Programs\MiKTeX\tex/generic/pgf/basiclayer\pgf
corepoints.code.tex
File: pgfcorepoints.code.tex 2023-01-15 v3.1.10 (3.1.10)
\pgf@picminx=\dimen261
\pgf@picmaxx=\dimen262
\pgf@picminy=\dimen263
\pgf@picmaxy=\dimen264
\pgf@pathminx=\dimen265
\pgf@pathmaxx=\dimen266
\pgf@pathminy=\dimen267
\pgf@pathmaxy=\dimen268
\pgf@xx=\dimen269
\pgf@xy=\dimen270
\pgf@yx=\dimen271
\pgf@yy=\dimen272
\pgf@zx=\dimen273
\pgf@zy=\dimen274
)
(C:\Users\helpdesk\AppData\Local\Programs\MiKTeX\tex/generic/pgf/basiclayer\pgf
corepathconstruct.code.tex
File: pgfcorepathconstruct.code.tex 2023-01-15 v3.1.10 (3.1.10)
\pgf@path@lastx=\dimen275
\pgf@path@lasty=\dimen276
)
(C:\Users\helpdesk\AppData\Local\Programs\MiKTeX\tex/generic/pgf/basiclayer\pgf
corepathusage.code.tex
File: pgfcorepathusage.code.tex 2023-01-15 v3.1.10 (3.1.10)
\pgf@shorten@end@additional=\dimen277
\pgf@shorten@start@additional=\dimen278
)
(C:\Users\helpdesk\AppData\Local\Programs\MiKTeX\tex/generic/pgf/basiclayer\pgf
corescopes.code.tex
File: pgfcorescopes.code.tex 2023-01-15 v3.1.10 (3.1.10)
\pgfpic=\box107
\pgf@hbox=\box108
\pgf@layerbox@main=\box109
\pgf@picture@serial@count=\count320
)
(C:\Users\helpdesk\AppData\Local\Programs\MiKTeX\tex/generic/pgf/basiclayer\pgf
coregraphicstate.code.tex
File: pgfcoregraphicstate.code.tex 2023-01-15 v3.1.10 (3.1.10)
\pgflinewidth=\dimen279
)
(C:\Users\helpdesk\AppData\Local\Programs\MiKTeX\tex/generic/pgf/basiclayer\pgf
coretransformations.code.tex
File: pgfcoretransformations.code.tex 2023-01-15 v3.1.10 (3.1.10)
\pgf@pt@x=\dimen280
\pgf@pt@y=\dimen281
\pgf@pt@temp=\dimen282
)
(C:\Users\helpdesk\AppData\Local\Programs\MiKTeX\tex/generic/pgf/basiclayer\pgf
corequick.code.tex
File: pgfcorequick.code.tex 2023-01-15 v3.1.10 (3.1.10)
)
(C:\Users\helpdesk\AppData\Local\Programs\MiKTeX\tex/generic/pgf/basiclayer\pgf
coreobjects.code.tex
File: pgfcoreobjects.code.tex 2023-01-15 v3.1.10 (3.1.10)
)
(C:\Users\helpdesk\AppData\Local\Programs\MiKTeX\tex/generic/pgf/basiclayer\pgf
corepathprocessing.code.tex
File: pgfcorepathprocessing.code.tex 2023-01-15 v3.1.10 (3.1.10)
)
(C:\Users\helpdesk\AppData\Local\Programs\MiKTeX\tex/generic/pgf/basiclayer\pgf
corearrows.code.tex
File: pgfcorearrows.code.tex 2023-01-15 v3.1.10 (3.1.10)
\pgfarrowsep=\dimen283
)
(C:\Users\helpdesk\AppData\Local\Programs\MiKTeX\tex/generic/pgf/basiclayer\pgf
coreshade.code.tex
File: pgfcoreshade.code.tex 2023-01-15 v3.1.10 (3.1.10)
\pgf@max=\dimen284
\pgf@sys@shading@range@num=\count321
\pgf@shadingcount=\count322
)
(C:\Users\helpdesk\AppData\Local\Programs\MiKTeX\tex/generic/pgf/basiclayer\pgf
coreimage.code.tex
File: pgfcoreimage.code.tex 2023-01-15 v3.1.10 (3.1.10)
)
(C:\Users\helpdesk\AppData\Local\Programs\MiKTeX\tex/generic/pgf/basiclayer\pgf
coreexternal.code.tex
File: pgfcoreexternal.code.tex 2023-01-15 v3.1.10 (3.1.10)
\pgfexternal@startupbox=\box110
)
(C:\Users\helpdesk\AppData\Local\Programs\MiKTeX\tex/generic/pgf/basiclayer\pgf
corelayers.code.tex
File: pgfcorelayers.code.tex 2023-01-15 v3.1.10 (3.1.10)
)
(C:\Users\helpdesk\AppData\Local\Programs\MiKTeX\tex/generic/pgf/basiclayer\pgf
coretransparency.code.tex
File: pgfcoretransparency.code.tex 2023-01-15 v3.1.10 (3.1.10)
)
(C:\Users\helpdesk\AppData\Local\Programs\MiKTeX\tex/generic/pgf/basiclayer\pgf
corepatterns.code.tex
File: pgfcorepatterns.code.tex 2023-01-15 v3.1.10 (3.1.10)
)
(C:\Users\helpdesk\AppData\Local\Programs\MiKTeX\tex/generic/pgf/basiclayer\pgf
corerdf.code.tex
File: pgfcorerdf.code.tex 2023-01-15 v3.1.10 (3.1.10)
)))
(C:\Users\helpdesk\AppData\Local\Programs\MiKTeX\tex/generic/pgf/modules\pgfmod
uleshapes.code.tex
File: pgfmoduleshapes.code.tex 2023-01-15 v3.1.10 (3.1.10)
\pgfnodeparttextbox=\box111
)
(C:\Users\helpdesk\AppData\Local\Programs\MiKTeX\tex/generic/pgf/modules\pgfmod
uleplot.code.tex
File: pgfmoduleplot.code.tex 2023-01-15 v3.1.10 (3.1.10)
)
(C:\Users\helpdesk\AppData\Local\Programs\MiKTeX\tex/latex/pgf/compatibility\pg
fcomp-version-0-65.sty
Package: pgfcomp-version-0-65 2023-01-15 v3.1.10 (3.1.10)
\pgf@nodesepstart=\dimen285
\pgf@nodesepend=\dimen286
)
(C:\Users\helpdesk\AppData\Local\Programs\MiKTeX\tex/latex/pgf/compatibility\pg
fcomp-version-1-18.sty
Package: pgfcomp-version-1-18 2023-01-15 v3.1.10 (3.1.10)
))
(C:\Users\helpdesk\AppData\Local\Programs\MiKTeX\tex/latex/pgf/utilities\pgffor
.sty
(C:\Users\helpdesk\AppData\Local\Programs\MiKTeX\tex/latex/pgf/utilities\pgfkey
s.sty
(C:\Users\helpdesk\AppData\Local\Programs\MiKTeX\tex/generic/pgf/utilities\pgfk
eys.code.tex))
(C:\Users\helpdesk\AppData\Local\Programs\MiKTeX\tex/latex/pgf/math\pgfmath.sty

(C:\Users\helpdesk\AppData\Local\Programs\MiKTeX\tex/generic/pgf/math\pgfmath.c
ode.tex))
(C:\Users\helpdesk\AppData\Local\Programs\MiKTeX\tex/generic/pgf/utilities\pgff
or.code.tex
Package: pgffor 2023-01-15 v3.1.10 (3.1.10)
\pgffor@iter=\dimen287
\pgffor@skip=\dimen288
\pgffor@stack=\toks41
\pgffor@toks=\toks42
))
(C:\Users\helpdesk\AppData\Local\Programs\MiKTeX\tex/generic/pgf/frontendlayer/
tikz\tikz.code.tex
Package: tikz 2023-01-15 v3.1.10 (3.1.10)

(C:\Users\helpdesk\AppData\Local\Programs\MiKTeX\tex/generic/pgf/libraries\pgfl
ibraryplothandlers.code.tex
File: pgflibraryplothandlers.code.tex 2023-01-15 v3.1.10 (3.1.10)
\pgf@plot@mark@count=\count323
\pgfplotmarksize=\dimen289
)
\tikz@lastx=\dimen290
\tikz@lasty=\dimen291
\tikz@lastxsaved=\dimen292
\tikz@lastysaved=\dimen293
\tikz@lastmovetox=\dimen294
\tikz@lastmovetoy=\dimen295
\tikzleveldistance=\dimen296
\tikzsiblingdistance=\dimen297
\tikz@figbox=\box112
\tikz@figbox@bg=\box113
\tikz@tempbox=\box114
\tikz@tempbox@bg=\box115
\tikztreelevel=\count324
\tikznumberofchildren=\count325
\tikznumberofcurrentchild=\count326
\tikz@fig@count=\count327

(C:\Users\helpdesk\AppData\Local\Programs\MiKTeX\tex/generic/pgf/modules\pgfmod
ulematrix.code.tex
File: pgfmodulematrix.code.tex 2023-01-15 v3.1.10 (3.1.10)
\pgfmatrixcurrentrow=\count328
\pgfmatrixcurrentcolumn=\count329
\pgf@matrix@numberofcolumns=\count330
)
\tikz@expandcount=\count331

(C:\Users\helpdesk\AppData\Local\Programs\MiKTeX\tex/generic/pgf/frontendlayer/
tikz/libraries\tikzlibrarytopaths.code.tex
File: tikzlibrarytopaths.code.tex 2023-01-15 v3.1.10 (3.1.10)
)))
(C:\Users\helpdesk\AppData\Local\Programs\MiKTeX\tex/generic/pgf/frontendlayer/
tikz/libraries\tikzlibrarypositioning.code.tex
File: tikzlibrarypositioning.code.tex 2023-01-15 v3.1.10 (3.1.10)
)
(C:\Users\helpdesk\AppData\Local\Programs\MiKTeX\tex/latex/graphics\rotating.st
y
Package: rotating 2016/08/11 v2.16d rotated objects in LaTeX
 (C:\Users\helpdesk\AppData\Local\Programs\MiKTeX\tex/latex/base\ifthen.sty
Package: ifthen 2022/04/13 v1.1d Standard LaTeX ifthen package (DPC)
)
\c@r@tfl@t=\count332
\rotFPtop=\skip67
\rotFPbot=\skip68
\rot@float@box=\box116
\rot@mess@toks=\toks43
)
(C:\Users\helpdesk\AppData\Local\Programs\MiKTeX\tex/latex/mfirstuc\mfirstuc.st
y
Package: mfirstuc 2022/10/14 v2.08 (NLCT)
\@glsmfirst=\toks44
\@glsmrest=\toks45
)
(C:\Users\helpdesk\AppData\Local\Programs\MiKTeX\tex/latex/biblatex\biblatex.st
y
Package: biblatex 2023/03/05 v3.19 programmable bibliographies (PK/MW)
 (C:\Users\helpdesk\AppData\Local\Programs\MiKTeX\tex/latex/logreq\logreq.sty
Package: logreq 2010/08/04 v1.0 xml request logger
\lrq@indent=\count333

(C:\Users\helpdesk\AppData\Local\Programs\MiKTeX\tex/latex/logreq\logreq.def
File: logreq.def 2010/08/04 v1.0 logreq spec v1.0
))
\c@tabx@nest=\count334
\c@listtotal=\count335
\c@listcount=\count336
\c@liststart=\count337
\c@liststop=\count338
\c@citecount=\count339
\c@citetotal=\count340
\c@multicitecount=\count341
\c@multicitetotal=\count342
\c@instcount=\count343
\c@maxnames=\count344
\c@minnames=\count345
\c@maxitems=\count346
\c@minitems=\count347
\c@citecounter=\count348
\c@maxcitecounter=\count349
\c@savedcitecounter=\count350
\c@uniquelist=\count351
\c@uniquename=\count352
\c@refsection=\count353
\c@refsegment=\count354
\c@maxextratitle=\count355
\c@maxextratitleyear=\count356
\c@maxextraname=\count357
\c@maxextradate=\count358
\c@maxextraalpha=\count359
\c@abbrvpenalty=\count360
\c@highnamepenalty=\count361
\c@lownamepenalty=\count362
\c@maxparens=\count363
\c@parenlevel=\count364
\blx@tempcnta=\count365
\blx@tempcntb=\count366
\blx@tempcntc=\count367
\c@blx@maxsection=\count368
\blx@maxsegment@0=\count369
\blx@notetype=\count370
\blx@parenlevel@text=\count371
\blx@parenlevel@foot=\count372
\blx@sectionciteorder@0=\count373
\blx@sectionciteorderinternal@0=\count374
\blx@entrysetcounter=\count375
\blx@biblioinstance=\count376
\labelnumberwidth=\skip69
\labelalphawidth=\skip70
\biblabelsep=\skip71
\bibitemsep=\skip72
\bibnamesep=\skip73
\bibinitsep=\skip74
\bibparsep=\skip75
\bibhang=\skip76
\blx@bcfin=\read3
\blx@bcfout=\write4
\blx@langwohyphens=\language79
\c@mincomprange=\count377
\c@maxcomprange=\count378
\c@mincompwidth=\count379
Package biblatex Info: Trying to load biblatex default data model...
Package biblatex Info: ... file 'blx-dm.def' found.

(C:\Users\helpdesk\AppData\Local\Programs\MiKTeX\tex/latex/biblatex\blx-dm.def
File: blx-dm.def 2023/03/05 v3.19 biblatex localization (PK/MW)
)
Package biblatex Info: Trying to load biblatex style data model...
Package biblatex Info: ... file 'ieee.dbx' not found.
Package biblatex Info: Trying to load biblatex custom data model...
Package biblatex Info: ... file 'biblatex-dm.cfg' not found.
\c@afterword=\count380
\c@savedafterword=\count381
\c@annotator=\count382
\c@savedannotator=\count383
\c@author=\count384
\c@savedauthor=\count385
\c@bookauthor=\count386
\c@savedbookauthor=\count387
\c@commentator=\count388
\c@savedcommentator=\count389
\c@editor=\count390
\c@savededitor=\count391
\c@editora=\count392
\c@savededitora=\count393
\c@editorb=\count394
\c@savededitorb=\count395
\c@editorc=\count396
\c@savededitorc=\count397
\c@foreword=\count398
\c@savedforeword=\count399
\c@holder=\count400
\c@savedholder=\count401
\c@introduction=\count402
\c@savedintroduction=\count403
\c@namea=\count404
\c@savednamea=\count405
\c@nameb=\count406
\c@savednameb=\count407
\c@namec=\count408
\c@savednamec=\count409
\c@translator=\count410
\c@savedtranslator=\count411
\c@shortauthor=\count412
\c@savedshortauthor=\count413
\c@shorteditor=\count414
\c@savedshorteditor=\count415
\c@labelname=\count416
\c@savedlabelname=\count417
\c@institution=\count418
\c@savedinstitution=\count419
\c@lista=\count420
\c@savedlista=\count421
\c@listb=\count422
\c@savedlistb=\count423
\c@listc=\count424
\c@savedlistc=\count425
\c@listd=\count426
\c@savedlistd=\count427
\c@liste=\count428
\c@savedliste=\count429
\c@listf=\count430
\c@savedlistf=\count431
\c@location=\count432
\c@savedlocation=\count433
\c@organization=\count434
\c@savedorganization=\count435
\c@origlocation=\count436
\c@savedoriglocation=\count437
\c@origpublisher=\count438
\c@savedorigpublisher=\count439
\c@publisher=\count440
\c@savedpublisher=\count441
\c@language=\count442
\c@savedlanguage=\count443
\c@origlanguage=\count444
\c@savedoriglanguage=\count445
\c@pageref=\count446
\c@savedpageref=\count447
\shorthandwidth=\skip77
\shortjournalwidth=\skip78
\shortserieswidth=\skip79
\shorttitlewidth=\skip80
\shortauthorwidth=\skip81
\shorteditorwidth=\skip82
\locallabelnumberwidth=\skip83
\locallabelalphawidth=\skip84
\localshorthandwidth=\skip85
\localshortjournalwidth=\skip86
\localshortserieswidth=\skip87
\localshorttitlewidth=\skip88
\localshortauthorwidth=\skip89
\localshorteditorwidth=\skip90
Package biblatex Info: Trying to load compatibility code...
Package biblatex Info: ... file 'blx-compat.def' found.

(C:\Users\helpdesk\AppData\Local\Programs\MiKTeX\tex/latex/biblatex\blx-compat.
def
File: blx-compat.def 2023/03/05 v3.19 biblatex compatibility (PK/MW)
)
Package biblatex Info: Trying to load generic definitions...
Package biblatex Info: ... file 'biblatex.def' found.

(C:\Users\helpdesk\AppData\Local\Programs\MiKTeX\tex/latex/biblatex\biblatex.de
f
File: biblatex.def 2023/03/05 v3.19 biblatex compatibility (PK/MW)
\c@textcitecount=\count448
\c@textcitetotal=\count449
\c@textcitemaxnames=\count450
\c@biburlbigbreakpenalty=\count451
\c@biburlbreakpenalty=\count452
\c@biburlnumpenalty=\count453
\c@biburlucpenalty=\count454
\c@biburllcpenalty=\count455
\biburlbigskip=\muskip18
\biburlnumskip=\muskip19
\biburlucskip=\muskip20
\biburllcskip=\muskip21
\c@smartand=\count456
)
Package biblatex Info: Trying to load bibliography style 'ieee'...
Package biblatex Info: ... file 'ieee.bbx' found.

(C:\Users\helpdesk\AppData\Local\Programs\MiKTeX\tex/latex/biblatex-ieee\ieee.b
bx
File: ieee.bbx 2021/12/06 v1.3f biblatex bibliography style
Package biblatex Info: Trying to load bibliography style 'numeric-comp'...
Package biblatex Info: ... file 'numeric-comp.bbx' found.

(C:\Users\helpdesk\AppData\Local\Programs\MiKTeX\tex/latex/biblatex/bbx\numeric
-comp.bbx
File: numeric-comp.bbx 2023/03/05 v3.19 biblatex bibliography style (PK/MW)
Package biblatex Info: Trying to load bibliography style 'numeric'...
Package biblatex Info: ... file 'numeric.bbx' found.

(C:\Users\helpdesk\AppData\Local\Programs\MiKTeX\tex/latex/biblatex/bbx\numeric
.bbx
File: numeric.bbx 2023/03/05 v3.19 biblatex bibliography style (PK/MW)
Package biblatex Info: Trying to load bibliography style 'standard'...
Package biblatex Info: ... file 'standard.bbx' found.

(C:\Users\helpdesk\AppData\Local\Programs\MiKTeX\tex/latex/biblatex/bbx\standar
d.bbx
File: standard.bbx 2023/03/05 v3.19 biblatex bibliography style (PK/MW)
\c@bbx:relatedcount=\count457
\c@bbx:relatedtotal=\count458
))))
Package biblatex Info: Trying to load citation style 'ieee'...
Package biblatex Info: ... file 'ieee.cbx' found.

(C:\Users\helpdesk\AppData\Local\Programs\MiKTeX\tex/latex/biblatex-ieee\ieee.c
bx
File: ieee.cbx 2021/12/06 v1.3f biblatex citation style
Package biblatex Info: Trying to load citation style 'numeric-comp'...
Package biblatex Info: ... file 'numeric-comp.cbx' found.

(C:\Users\helpdesk\AppData\Local\Programs\MiKTeX\tex/latex/biblatex/cbx\numeric
-comp.cbx
File: numeric-comp.cbx 2023/03/05 v3.19 biblatex citation style (PK/MW)
\c@cbx@tempcnta=\count459
\c@cbx@tempcntb=\count460
\c@cbx@tempcntc=\count461
\c@cbx@tempcntd=\count462
Package biblatex Info: Redefining '\cite'.
Package biblatex Info: Redefining '\parencite'.
Package biblatex Info: Redefining '\footcite'.
Package biblatex Info: Redefining '\footcitetext'.
Package biblatex Info: Redefining '\smartcite'.
Package biblatex Info: Redefining '\supercite'.
Package biblatex Info: Redefining '\textcite'.
Package biblatex Info: Redefining '\textcites'.
Package biblatex Info: Redefining '\cites'.
Package biblatex Info: Redefining '\parencites'.
Package biblatex Info: Redefining '\smartcites'.
)
Package biblatex Info: Redefining '\cite'.
Package biblatex Info: Redefining '\supercite'.
Package biblatex Info: Redefining '\cites'.
)
Package biblatex Info: Trying to load configuration file...
Package biblatex Info: ... file 'biblatex.cfg' found.

(C:\Users\helpdesk\AppData\Local\Programs\MiKTeX\tex/latex/biblatex\biblatex.cf
g
File: biblatex.cfg 
)
Package biblatex Info: Input encoding 'utf8' detected.
Package biblatex Info: Document encoding is UTF8 ....

(C:\Users\helpdesk\AppData\Local\Programs\MiKTeX\tex/latex/l3kernel\expl3.sty
Package: expl3 2024-01-22 L3 programming layer (loader) 

(C:\Users\helpdesk\AppData\Local\Programs\MiKTeX\tex/latex/l3backend\l3backend-
pdftex.def
File: l3backend-pdftex.def 2024-01-04 L3 backend support: PDF output (pdfTeX)
\l__color_backend_stack_int=\count463
\l__pdf_internal_box=\box117
))
Package biblatex Info: ... and expl3
(biblatex)             2024-01-22 L3 programming layer (loader) 
(biblatex)             is new enough (at least 2020/04/06),
(biblatex)             setting 'casechanger=expl3'.

(C:\Users\helpdesk\AppData\Local\Programs\MiKTeX\tex/latex/biblatex\blx-case-ex
pl3.sty
(C:\Users\helpdesk\AppData\Local\Programs\MiKTeX\tex/latex/l3packages/xparse\xp
arse.sty
Package: xparse 2023-10-10 L3 Experimental document command parser
)
Package: blx-case-expl3 2023/03/05 v3.19 expl3 case changing code for biblatex
))
\c@theorem=\count464
\@quotelevel=\count465
\@quotereset=\count466
 (MV.aux

LaTeX Warning: Label `subfig2:mp' multiply defined.


LaTeX Warning: Label `sub@subfig2:mp' multiply defined.

)
\openout1 = `MV.aux'.

LaTeX Font Info:    Checking defaults for OML/cmm/m/it on input line 32.
LaTeX Font Info:    ... okay on input line 32.
LaTeX Font Info:    Checking defaults for OMS/cmsy/m/n on input line 32.
LaTeX Font Info:    ... okay on input line 32.
LaTeX Font Info:    Checking defaults for OT1/cmr/m/n on input line 32.
LaTeX Font Info:    ... okay on input line 32.
LaTeX Font Info:    Checking defaults for T1/cmr/m/n on input line 32.
LaTeX Font Info:    ... okay on input line 32.
LaTeX Font Info:    Checking defaults for TS1/cmr/m/n on input line 32.
LaTeX Font Info:    ... okay on input line 32.
LaTeX Font Info:    Checking defaults for OMX/cmex/m/n on input line 32.
LaTeX Font Info:    ... okay on input line 32.
LaTeX Font Info:    Checking defaults for U/cmr/m/n on input line 32.
LaTeX Font Info:    ... okay on input line 32.
LaTeX Font Info:    Checking defaults for PD1/pdf/m/n on input line 32.
LaTeX Font Info:    ... okay on input line 32.
LaTeX Font Info:    Checking defaults for PU/pdf/m/n on input line 32.
LaTeX Font Info:    ... okay on input line 32.

*geometry* driver: auto-detecting
*geometry* detected driver: pdftex
*geometry* verbose mode - [ preamble ] result:
* driver: pdftex
* paper: a4paper
* layout: <same size as paper>
* layoutoffset:(h,v)=(0.0pt,0.0pt)
* modes: 
* h-part:(L,W,R)=(72.26999pt, 452.9679pt, 72.26999pt)
* v-part:(T,H,B)=(72.26999pt, 700.50687pt, 72.26999pt)
* \paperwidth=597.50787pt
* \paperheight=845.04684pt
* \textwidth=452.9679pt
* \textheight=700.50687pt
* \oddsidemargin=0.0pt
* \evensidemargin=0.0pt
* \topmargin=-37.0pt
* \headheight=12.0pt
* \headsep=25.0pt
* \topskip=11.0pt
* \footskip=30.0pt
* \marginparwidth=59.0pt
* \marginparsep=10.0pt
* \columnsep=10.0pt
* \skip\footins=10.0pt plus 4.0pt minus 2.0pt
* \hoffset=0.0pt
* \voffset=0.0pt
* \mag=1000
* \@twocolumnfalse
* \@twosidefalse
* \@mparswitchfalse
* \@reversemargintrue
* (1in=72.27pt=25.4mm, 1cm=28.453pt)

Package hyperref Info: Link coloring OFF on input line 32.
(MV.out) (MV.out)
\@outlinefile=\write5
\openout5 = `MV.out'.

Package caption Info: Begin \AtBeginDocument code.
Package caption Info: longtable package is loaded.

(C:\Users\helpdesk\AppData\Local\Programs\MiKTeX\tex/latex/caption\ltcaption.st
y
Package: ltcaption 2021/01/08 v1.4c longtable captions (AR)
)
Package caption Info: rotating package is loaded.
Package caption Info: End \AtBeginDocument code.

(C:\Users\helpdesk\AppData\Local\Programs\MiKTeX\tex/context/base/mkii\supp-pdf
.mkii
[Loading MPS to PDF converter (version 2006.09.02).]
\scratchcounter=\count467
\scratchdimen=\dimen298
\scratchbox=\box118
\nofMPsegments=\count468
\nofMParguments=\count469
\everyMPshowfont=\toks46
\MPscratchCnt=\count470
\MPscratchDim=\dimen299
\MPnumerator=\count471
\makeMPintoPDFobject=\count472
\everyMPtoPDFconversion=\toks47
)
(C:\Users\helpdesk\AppData\Local\Programs\MiKTeX\tex/latex/epstopdf-pkg\epstopd
f-base.sty
Package: epstopdf-base 2020-01-24 v2.11 Base part for package epstopdf
Package epstopdf-base Info: Redefining graphics rule for `.eps' on input line 4
85.

(C:\Users\helpdesk\AppData\Local\Programs\MiKTeX\tex/latex/00miktex\epstopdf-sy
s.cfg
File: epstopdf-sys.cfg 2021/03/18 v2.0 Configuration of epstopdf for MiKTeX
))
Package biblatex Info: Trying to load language 'english'...
Package biblatex Info: ... file 'english.lbx' found.

(C:\Users\helpdesk\AppData\Local\Programs\MiKTeX\tex/latex/biblatex/lbx\english
.lbx
File: english.lbx 2023/03/05 v3.19 biblatex localization (PK/MW)
)
Package biblatex Info: Input encoding 'utf8' detected.
Package biblatex Info: Automatic encoding selection.
(biblatex)             Assuming data encoding 'utf8'.
\openout4 = `MV.bcf'.

Package biblatex Info: Trying to load bibliographic data...
Package biblatex Info: ... file 'MV.bbl' found.
 (MV.bbl)
Package biblatex Info: Reference section=0 on input line 32.
Package biblatex Info: Reference segment=0 on input line 32.
LaTeX Font Info:    Trying to load font information for U+msa on input line 34.


(C:\Users\helpdesk\AppData\Local\Programs\MiKTeX\tex/latex/amsfonts\umsa.fd
File: umsa.fd 2013/01/14 v3.01 AMS symbols A
)
LaTeX Font Info:    Trying to load font information for U+msb on input line 34.


(C:\Users\helpdesk\AppData\Local\Programs\MiKTeX\tex/latex/amsfonts\umsb.fd
File: umsb.fd 2013/01/14 v3.01 AMS symbols B
)
[1

{C:/Users/helpdesk/AppData/Local/MiKTeX/fonts/map/pdftex/pdftex.map}]
[2]
<./picture/pitchesonstaff.pdf, id=89, 597.51233pt x 845.0471pt>
File: ./picture/pitchesonstaff.pdf Graphic file (type pdf)
<use ./picture/pitchesonstaff.pdf>
Package pdftex.def Info: ./picture/pitchesonstaff.pdf  used on input line 77.
(pdftex.def)             Requested size: 455.24829pt x 106.52739pt.

Overfull \hbox (2.2804pt too wide) in paragraph at lines 77--78
 [][] 
 []

<./picture/whole_note.pdf, id=91, 597.51233pt x 845.0471pt>
File: ./picture/whole_note.pdf Graphic file (type pdf)
<use ./picture/whole_note.pdf>
Package pdftex.def Info: ./picture/whole_note.pdf  used on input line 88.
(pdftex.def)             Requested size: 20.2061pt x 27.03033pt.
<./picture/half_note.pdf, id=93, 597.51233pt x 845.0471pt>
File: ./picture/half_note.pdf Graphic file (type pdf)
<use ./picture/half_note.pdf>
Package pdftex.def Info: ./picture/half_note.pdf  used on input line 90.
(pdftex.def)             Requested size: 20.2061pt x 34.1435pt.
<./picture/quarter_note.pdf, id=95, 597.51233pt x 845.0471pt>
File: ./picture/quarter_note.pdf Graphic file (type pdf)
<use ./picture/quarter_note.pdf>
Package pdftex.def Info: ./picture/quarter_note.pdf  used on input line 92.
(pdftex.def)             Requested size: 20.2061pt x 34.1435pt.
<./picture/eighth_note.pdf, id=97, 597.51233pt x 845.0471pt>
File: ./picture/eighth_note.pdf Graphic file (type pdf)
<use ./picture/eighth_note.pdf>
Package pdftex.def Info: ./picture/eighth_note.pdf  used on input line 94.
(pdftex.def)             Requested size: 20.2061pt x 34.1435pt.
<./picture/sixteenth_note.pdf, id=99, 597.51233pt x 845.0471pt>
File: ./picture/sixteenth_note.pdf Graphic file (type pdf)
<use ./picture/sixteenth_note.pdf>
Package pdftex.def Info: ./picture/sixteenth_note.pdf  used on input line 96.
(pdftex.def)             Requested size: 20.2061pt x 34.1435pt.
[3 <./picture/pitchesonstaff.pdf> <./picture/whole_note.pdf> <./picture/half_no
te.pdf> <./picture/quarter_note.pdf> <./picture/eighth_note.pdf> <./picture/six
teenth_note.pdf>]
<./picture/Lorenz1.pdf, id=206, 867.24pt x 867.24pt>
File: ./picture/Lorenz1.pdf Graphic file (type pdf)
<use ./picture/Lorenz1.pdf>
Package pdftex.def Info: ./picture/Lorenz1.pdf  used on input line 121.
(pdftex.def)             Requested size: 226.03044pt x 226.03044pt.

Overfull \hbox (22.19627pt too wide) in paragraph at lines 121--122
 [][] 
 []

<./picture/Lorenz2.pdf, id=208, 867.24pt x 867.24pt>
File: ./picture/Lorenz2.pdf Graphic file (type pdf)
<use ./picture/Lorenz2.pdf>
Package pdftex.def Info: ./picture/Lorenz2.pdf  used on input line 127.
(pdftex.def)             Requested size: 226.03044pt x 226.03044pt.

Overfull \hbox (22.19627pt too wide) in paragraph at lines 127--128
 [][] 
 []

[4 <./picture/Lorenz1.pdf> <./picture/Lorenz2.pdf>] [5]
<./picture/dabby_1.pdf, id=301, 597.51233pt x 845.0471pt>
File: ./picture/dabby_1.pdf Graphic file (type pdf)
<use ./picture/dabby_1.pdf>
Package pdftex.def Info: ./picture/dabby_1.pdf  used on input line 250.
(pdftex.def)             Requested size: 226.37418pt x 72.38405pt.
<./picture/dabby_2.pdf, id=303, 597.51233pt x 845.0471pt>
File: ./picture/dabby_2.pdf Graphic file (type pdf)
<use ./picture/dabby_2.pdf>
Package pdftex.def Info: ./picture/dabby_2.pdf  used on input line 256.
(pdftex.def)             Requested size: 226.88614pt x 72.38405pt.
 [6] [7 <./picture/dabby_1.pdf> <./picture/dabby_2.pdf>]
File: ./picture/dabby_1.pdf Graphic file (type pdf)
<use ./picture/dabby_1.pdf>
Package pdftex.def Info: ./picture/dabby_1.pdf  used on input line 430.
(pdftex.def)             Requested size: 129.17934pt x 72.38405pt.
<./picture/melody_variation.pdf, id=347, 597.51233pt x 845.0471pt>
File: ./picture/melody_variation.pdf Graphic file (type pdf)
<use ./picture/melody_variation.pdf>
Package pdftex.def Info: ./picture/melody_variation.pdf  used on input line 436
.
(pdftex.def)             Requested size: 259.15152pt x 61.45827pt.
<./picture/dabby_melody_variation.pdf, id=354, 597.51233pt x 845.0471pt>
File: ./picture/dabby_melody_variation.pdf Graphic file (type pdf)
<use ./picture/dabby_melody_variation.pdf>
Package pdftex.def Info: ./picture/dabby_melody_variation.pdf  used on input li
ne 456.
(pdftex.def)             Requested size: 258.3551pt x 38.69603pt.

Overfull \hbox (34.98769pt too wide) in paragraph at lines 551--552
 [][] 
 []


Overfull \hbox (40.46687pt too wide) in paragraph at lines 579--580
 [][] 
 []


Overfull \hbox (40.46687pt too wide) in paragraph at lines 603--604
 [][] 
 []

[8 <./picture/melody_variation.pdf> <./picture/dabby_melody_variation.pdf>]
[9]
<./picture/Original_CND.pdf, id=396, 597.51233pt x 845.0471pt>
File: ./picture/Original_CND.pdf Graphic file (type pdf)
<use ./picture/Original_CND.pdf>
Package pdftex.def Info: ./picture/Original_CND.pdf  used on input line 627.
(pdftex.def)             Requested size: 432.48607pt x 61.45827pt.
<./picture/New_CND.pdf, id=398, 597.51233pt x 845.0471pt>
File: ./picture/New_CND.pdf Graphic file (type pdf)
<use ./picture/New_CND.pdf>
Package pdftex.def Info: ./picture/New_CND.pdf  used on input line 633.
(pdftex.def)             Requested size: 432.48607pt x 202.58406pt.
 [10 <./picture/Original_CND.pdf> <./picture/New_CND.pdf>]
<./picture/Original_ATM.pdf, id=431, 597.51233pt x 845.0471pt>
File: ./picture/Original_ATM.pdf Graphic file (type pdf)
<use ./picture/Original_ATM.pdf>
Package pdftex.def Info: ./picture/Original_ATM.pdf  used on input line 657.
(pdftex.def)             Requested size: 432.48607pt x 61.45827pt.
<./picture/New_ATM.pdf, id=433, 597.51233pt x 845.0471pt>
File: ./picture/New_ATM.pdf Graphic file (type pdf)
<use ./picture/New_ATM.pdf>
Package pdftex.def Info: ./picture/New_ATM.pdf  used on input line 663.
(pdftex.def)             Requested size: 432.48607pt x 124.05441pt.
 [11 <./picture/Original_ATM.pdf> <./picture/New_ATM.pdf>]
Overfull \hbox (2.39168pt too wide) in paragraph at lines 687--687
\OT1/cmr/m/n/10.95 Flow with Hid-den At-trac-tor: The First Hy-per-jerk Sys-tem
 with No Equi-lib-rium,'' \OT1/cmr/m/it/10.95 Zeitschrift
 []

[12] [13] [14] (MV.aux)
 ***********
LaTeX2e <2023-11-01> patch level 1
L3 programming layer <2024-01-22>
 ***********


LaTeX Warning: There were multiply-defined labels.

Package rerunfilecheck Info: File `MV.out' has not changed.
(rerunfilecheck)             Checksum: 5C8E7B8A4E2C07300B39FFA21DA42B26;1782.
Package logreq Info: Writing requests to 'MV.run.xml'.
\openout1 = `MV.run.xml'.

 ) 
Here is how much of TeX's memory you used:
 31063 strings out of 474541
 597805 string characters out of 5743009
 2009978 words of memory out of 5000000
 52773 multiletter control sequences out of 15000+600000
 568603 words of font info for 77 fonts, out of 8000000 for 9000
 1141 hyphenation exceptions out of 8191
 84i,14n,93p,2672b,1491s stack positions out of 10000i,1000n,20000p,200000b,200000s
<C:/Users/helpdesk/AppData/Local/Programs/MiKTeX/fonts/type1/public/amsfonts/
cm/cmbx10.pfb><C:/Users/helpdesk/AppData/Local/Programs/MiKTeX/fonts/type1/publ
ic/amsfonts/cm/cmbx12.pfb><C:/Users/helpdesk/AppData/Local/Programs/MiKTeX/font
s/type1/public/amsfonts/cm/cmcsc10.pfb><C:/Users/helpdesk/AppData/Local/Program
s/MiKTeX/fonts/type1/public/amsfonts/cm/cmex10.pfb><C:/Users/helpdesk/AppData/L
ocal/Programs/MiKTeX/fonts/type1/public/amsfonts/cm/cmmi10.pfb><C:/Users/helpde
sk/AppData/Local/Programs/MiKTeX/fonts/type1/public/amsfonts/cm/cmmi7.pfb><C:/U
sers/helpdesk/AppData/Local/Programs/MiKTeX/fonts/type1/public/amsfonts/cm/cmmi
8.pfb><C:/Users/helpdesk/AppData/Local/Programs/MiKTeX/fonts/type1/public/amsfo
nts/cm/cmr10.pfb><C:/Users/helpdesk/AppData/Local/Programs/MiKTeX/fonts/type1/p
ublic/amsfonts/cm/cmr12.pfb><C:/Users/helpdesk/AppData/Local/Programs/MiKTeX/fo
nts/type1/public/amsfonts/cm/cmr17.pfb><C:/Users/helpdesk/AppData/Local/Program
s/MiKTeX/fonts/type1/public/amsfonts/cm/cmr7.pfb><C:/Users/helpdesk/AppData/Loc
al/Programs/MiKTeX/fonts/type1/public/amsfonts/cm/cmr8.pfb><C:/Users/helpdesk/A
ppData/Local/Programs/MiKTeX/fonts/type1/public/amsfonts/cm/cmsy10.pfb><C:/User
s/helpdesk/AppData/Local/Programs/MiKTeX/fonts/type1/public/amsfonts/cm/cmsy8.p
fb><C:/Users/helpdesk/AppData/Local/Programs/MiKTeX/fonts/type1/public/amsfonts
/cm/cmti10.pfb><C:/Users/helpdesk/AppData/Local/Programs/MiKTeX/fonts/type1/pub
lic/amsfonts/cm/cmtt10.pfb><C:/Users/helpdesk/AppData/Local/Programs/MiKTeX/fon
ts/type1/public/amsfonts/symbols/msbm10.pfb>
Output written on MV.pdf (14 pages, 879808 bytes).
PDF statistics:
 619 PDF objects out of 1000 (max. 8388607)
 87 named destinations out of 1000 (max. 500000)
 275 words of extra memory for PDF output out of 10000 (max. 10000000)

